-------------------------------------------------------------------------------
Test set: com.example.AnimaClub.AnimaClubApplicationTests
-------------------------------------------------------------------------------
Tests run: 1, Failures: 0, Errors: 1, Skipped: 0, Time elapsed: 1.284 s <<< FAILURE! - in com.example.AnimaClub.AnimaClubApplicationTests
contextLoads  Time elapsed: 0.001 s  <<< ERROR!
java.lang.IllegalStateException: Failed to load ApplicationContext
Caused by: org.springframework.beans.factory.UnsatisfiedDependencyException: Error creating bean with name 'compteController': Unsatisfied dependency expressed through field 'compteService'; nested exception is org.springframework.beans.factory.UnsatisfiedDependencyException: Error creating bean with name 'compteService': Unsatisfied dependency expressed through field 'compteDAOimpl'; nested exception is org.springframework.beans.factory.BeanCreationException: Error creating bean with name 'compteDAOimpl' defined in file [C:\Users\Matsuya\Documents\animaclub\target\classes\com\example\AnimaClub\dao\impl\CompteDAOimpl.class]: Instantiation of bean failed; nested exception is org.springframework.beans.BeanInstantiationException: Failed to instantiate [com.example.AnimaClub.dao.impl.CompteDAOimpl]: Constructor threw exception; nested exception is java.sql.SQLException: No suitable driver found for jdbc:postgresql://localhost:5432/animaclub
Caused by: org.springframework.beans.factory.UnsatisfiedDependencyException: Error creating bean with name 'compteService': Unsatisfied dependency expressed through field 'compteDAOimpl'; nested exception is org.springframework.beans.factory.BeanCreationException: Error creating bean with name 'compteDAOimpl' defined in file [C:\Users\Matsuya\Documents\animaclub\target\classes\com\example\AnimaClub\dao\impl\CompteDAOimpl.class]: Instantiation of bean failed; nested exception is org.springframework.beans.BeanInstantiationException: Failed to instantiate [com.example.AnimaClub.dao.impl.CompteDAOimpl]: Constructor threw exception; nested exception is java.sql.SQLException: No suitable driver found for jdbc:postgresql://localhost:5432/animaclub
Caused by: org.springframework.beans.factory.BeanCreationException: Error creating bean with name 'compteDAOimpl' defined in file [C:\Users\Matsuya\Documents\animaclub\target\classes\com\example\AnimaClub\dao\impl\CompteDAOimpl.class]: Instantiation of bean failed; nested exception is org.springframework.beans.BeanInstantiationException: Failed to instantiate [com.example.AnimaClub.dao.impl.CompteDAOimpl]: Constructor threw exception; nested exception is java.sql.SQLException: No suitable driver found for jdbc:postgresql://localhost:5432/animaclub
Caused by: org.springframework.beans.BeanInstantiationException: Failed to instantiate [com.example.AnimaClub.dao.impl.CompteDAOimpl]: Constructor threw exception; nested exception is java.sql.SQLException: No suitable driver found for jdbc:postgresql://localhost:5432/animaclub
Caused by: java.sql.SQLException: No suitable driver found for jdbc:postgresql://localhost:5432/animaclub

